#
# A fatal error has been detected by the Java Runtime Environment:
#
#  Internal Error (t:/workspace/open/src/hotspot/share/oops/generateOopMap.cpp:2162), pid=4948, tid=5168
#  fatal error: Illegal class file encountered. Try running with -Xverify:all in method main
#
# JRE version: Java(TM) SE Runtime Environment (10.0.1+10) (build 10.0.1+10)
# Java VM: Java HotSpot(TM) 64-Bit Server VM (10.0.1+10, mixed mode, tiered, compressed oops, g1 gc, windows-amd64)
# No core dump will be written. Minidumps are not enabled by default on client versions of Windows
#
# If you would like to submit a bug report, please visit:
#   http://bugreport.java.com/bugreport/crash.jsp
#

---------------  S U M M A R Y ------------

Command Line: -agentlib:jdwp=transport=dt_socket,address=127.0.0.1:50332,suspend=y,server=n -javaagent:C:\Users\Avaron\.IdeaIC2018.2\system\captureAgent\debugger-agent.jar=file:/C:/Users/Avaron/AppData/Local/Temp/capture.props -Dfile.encoding=UTF-8 MinStack_2

Host: Intel(R) Xeon(R) CPU           E5620  @ 2.40GHz, 8 cores, 7G,  Windows 7 , 64 bit Build 7601 (6.1.7601.24308)
Time: Mon Dec 17 23:16:43 2018 ¢Dx¢D_?D¡PCRE?! elapsed time: 3350 seconds (0d 0h 55m 50s)

---------------  T H R E A D  ---------------

Current thread (0x0000000026fc8000):  VMThread "VM Thread" [stack: 0x0000000025b60000,0x0000000025c60000] [id=5168]

Stack: [0x0000000025b60000,0x0000000025c60000]
[error occurred during error reporting (printing stack bounds), id 0xe0000000]

Native frames: (J=compiled Java code, j=interpreted, Vv=VM code, C=native code)
V  [jvm.dll+0x5a0369]
V  [jvm.dll+0x6bcf81]
V  [jvm.dll+0x6be176]
V  [jvm.dll+0x6be765]
V  [jvm.dll+0x6be71b]
V  [jvm.dll+0x59fb63]
V  [jvm.dll+0x59ff68]
C  [ntdll.dll+0x6bf7d]
C  [ntdll.dll+0x4043a]
C  [ntdll.dll+0x6b61e]
C  0x000000000ddf0ea7

VM_Operation (0x0000000028c2f1c0): GetOrSetLocal, mode: safepoint, requested by thread 0x000000002813e800


---------------  P R O C E S S  ---------------

Threads class SMR info:
_java_thread_list=0x00000000280db0b0, length=15, elements={
0x0000000000473800, 0x0000000026fcb800, 0x0000000026fd4000, 0x0000000026fe9800,
0x0000000026fec800, 0x0000000026fed000, 0x0000000026fee000, 0x0000000026fef000,
0x0000000026fef800, 0x0000000026ff0800, 0x000000002813e800, 0x00000000280a9800,
0x000000002809b800, 0x0000000028374800, 0x00000000280de800
}

Java Threads: ( => current thread )
  0x0000000000473800 JavaThread "main" [_thread_blocked, id=6148, stack(0x0000000002410000,0x0000000002510000)]
  0x0000000026fcb800 JavaThread "Reference Handler" daemon [_thread_blocked, id=9092, stack(0x0000000027130000,0x0000000027230000)]
  0x0000000026fd4000 JavaThread "Finalizer" daemon [_thread_blocked, id=4612, stack(0x0000000027280000,0x0000000027380000)]
  0x0000000026fe9800 JavaThread "Signal Dispatcher" daemon [_thread_blocked, id=8608, stack(0x00000000263f0000,0x00000000264f0000)]
  0x0000000026fec800 JavaThread "Attach Listener" daemon [_thread_blocked, id=3628, stack(0x0000000027440000,0x0000000027540000)]
  0x0000000026fed000 JavaThread "C2 CompilerThread0" daemon [_thread_blocked, id=7428, stack(0x0000000027540000,0x0000000027640000)]
  0x0000000026fee000 JavaThread "C2 CompilerThread1" daemon [_thread_blocked, id=6704, stack(0x0000000027740000,0x0000000027840000)]
  0x0000000026fef000 JavaThread "C2 CompilerThread2" daemon [_thread_blocked, id=4548, stack(0x0000000027930000,0x0000000027a30000)]
  0x0000000026fef800 JavaThread "C1 CompilerThread3" daemon [_thread_blocked, id=7044, stack(0x0000000027a80000,0x0000000027b80000)]
  0x0000000026ff0800 JavaThread "Sweeper thread" daemon [_thread_blocked, id=8496, stack(0x0000000027b90000,0x0000000027c90000)]
  0x000000002813e800 JavaThread "JDWP Transport Listener: dt_socket" daemon [_thread_blocked, id=6288, stack(0x0000000028b30000,0x0000000028c30000)] _threads_hazard_ptr=0x00000000280db0b0
  0x00000000280a9800 JavaThread "JDWP Event Helper Thread" daemon [_thread_blocked, id=2524, stack(0x0000000028d00000,0x0000000028e00000)]
  0x000000002809b800 JavaThread "JDWP Command Reader" daemon [_thread_in_native, id=6220, stack(0x0000000028960000,0x0000000028a60000)]
  0x0000000028374800 JavaThread "Common-Cleaner" daemon [_thread_blocked, id=4148, stack(0x0000000027640000,0x0000000027740000)]
  0x00000000280de800 JavaThread "Service Thread" daemon [_thread_blocked, id=6044, stack(0x0000000028fa0000,0x00000000290a0000)]

Other Threads:
=>0x0000000026fc8000 VMThread "VM Thread" [stack: 0x0000000025b60000,0x0000000025c60000] [id=5168]
  0x0000000028236000 WatcherThread [stack: 0x0000000028e30000,0x0000000028f30000] [id=7316]
  0x000000000048c800 GCTaskThread "GC Thread#0" [stack: 0x000000001cdf0000,0x000000001cef0000] [id=7884]
  0x000000000048d800 GCTaskThread "GC Thread#1" [stack: 0x000000001cef0000,0x000000001cff0000] [id=2844]
  0x0000000000492000 GCTaskThread "GC Thread#2" [stack: 0x0000000002810000,0x0000000002910000] [id=7880]
  0x0000000000496800 GCTaskThread "GC Thread#3" [stack: 0x000000001d030000,0x000000001d130000] [id=5128]
  0x0000000000498000 GCTaskThread "GC Thread#4" [stack: 0x000000001d170000,0x000000001d270000] [id=8008]
  0x000000000049a000 GCTaskThread "GC Thread#5" [stack: 0x000000001d370000,0x000000001d470000] [id=7628]
  0x00000000004a3800 GCTaskThread "GC Thread#6" [stack: 0x000000001d5b0000,0x000000001d6b0000] [id=1300]
  0x00000000004a4800 GCTaskThread "GC Thread#7" [stack: 0x000000001d720000,0x000000001d820000] [id=7048]
  0x00000000004ce000 ConcurrentGCThread "G1 Main Marker" [stack: 0x0000000022c10000,0x0000000022d10000] [id=7216]
  0x00000000004cf000 ConcurrentGCThread "G1 Conc#0" [stack: 0x0000000022e40000,0x0000000022f40000] [id=5276]
  0x000000001d2bf000 ConcurrentGCThread "G1 Conc#1" [stack: 0x0000000022a90000,0x0000000022b90000] [id=7784]
  0x000000001d337000 ConcurrentGCThread "G1 Refine#0" [stack: 0x0000000025750000,0x0000000025850000] [id=5756]
  0x000000001d33a000 ConcurrentGCThread "G1 Refine#1" [stack: 0x00000000258b0000,0x00000000259b0000] [id=6484]
  0x000000001d33a800 ConcurrentGCThread "G1 Refine#2" [stack: 0x0000000025a50000,0x0000000025b50000] [id=7864]
  0x000000001d33e800 ConcurrentGCThread "G1 Refine#3" [stack: 0x0000000025c70000,0x0000000025d70000] [id=3108]
  0x000000001d33f800 ConcurrentGCThread "G1 Refine#4" [stack: 0x0000000025e60000,0x0000000025f60000] [id=7112]
  0x000000001d341800 ConcurrentGCThread "G1 Refine#5" [stack: 0x0000000025f90000,0x0000000026090000] [id=8596]
  0x000000001d346000 ConcurrentGCThread "G1 Refine#6" [stack: 0x0000000026100000,0x0000000026200000] [id=6640]
  0x000000001d34b000 ConcurrentGCThread "G1 Refine#7" [stack: 0x00000000262f0000,0x00000000263f0000] [id=2384]
  0x000000001d353800 ConcurrentGCThread "G1 Young RemSet Sampling" [stack: 0x0000000026560000,0x0000000026660000] [id=6536]

Threads with active compile tasks:

VM state:at safepoint (normal execution)

VM Mutex/Monitor currently owned by a thread:  ([mutex/lock_event])
[0x0000000000470820] Threads_lock - owner thread: 0x0000000026fc8000

Heap address: 0x0000000080200000, size: 2046 MB, Compressed Oops mode: 32-bit
Narrow klass base: 0x0000000000000000, Narrow klass shift: 3
Compressed class space size: 1073741824 Address: 0x000000013fa00000

Heap:
 garbage-first heap   total 131072K, used 3072K [0x0000000080200000, 0x0000000100000000)
  region size 1024K, 4 young (4096K), 0 survivors (0K)
 Metaspace       used 5283K, capacity 5392K, committed 5632K, reserved 1056768K
  class space    used 446K, capacity 496K, committed 512K, reserved 1048576K
Heap Regions: E=young(eden), S=young(survivor), O=old, HS=humongous(starts), HC=humongous(continues), CS=collection set, F=free, A=archive, TS=gc time stamp, AC=allocation context, TAMS=top-at-mark-start (previous, next)
|   0|0x0000000080200000, 0x0000000080200000, 0x0000000080300000|  0%| F|  |TS  0|AC  0|TAMS 0x0000000080200000, 0x0000000080200000|
|   1|0x0000000080300000, 0x0000000080300000, 0x0000000080400000|  0%| F|  |TS  0|AC  0|TAMS 0x0000000080300000, 0x0000000080300000|
|   2|0x0000000080400000, 0x0000000080400000, 0x0000000080500000|  0%| F|  |TS  0|AC  0|TAMS 0x0000000080400000, 0x0000000080400000|
|   3|0x0000000080500000, 0x0000000080500000, 0x0000000080600000|  0%| F|  |TS  0|AC  0|TAMS 0x0000000080500000, 0x0000000080500000|
|   4|0x0000000080600000, 0x0000000080600000, 0x0000000080700000|  0%| F|  |TS  0|AC  0|TAMS 0x0000000080600000, 0x0000000080600000|
|   5|0x0000000080700000, 0x0000000080700000, 0x0000000080800000|  0%| F|  |TS  0|AC  0|TAMS 0x0000000080700000, 0x0000000080700000|
|   6|0x0000000080800000, 0x0000000080800000, 0x0000000080900000|  0%| F|  |TS  0|AC  0|TAMS 0x0000000080800000, 0x0000000080800000|
|   7|0x0000000080900000, 0x0000000080900000, 0x0000000080a00000|  0%| F|  |TS  0|AC  0|TAMS 0x0000000080900000, 0x0000000080900000|
|   8|0x0000000080a00000, 0x0000000080a00000, 0x0000000080b00000|  0%| F|  |TS  0|AC  0|TAMS 0x0000000080a00000, 0x0000000080a00000|
|   9|0x0000000080b00000, 0x0000000080b00000, 0x0000000080c00000|  0%| F|  |TS  0|AC  0|TAMS 0x0000000080b00000, 0x0000000080b00000|
|  10|0x0000000080c00000, 0x0000000080c00000, 0x0000000080d00000|  0%| F|  |TS  0|AC  0|TAMS 0x0000000080c00000, 0x0000000080c00000|
|  11|0x0000000080d00000, 0x0000000080d00000, 0x0000000080e00000|  0%| F|  |TS  0|AC  0|TAMS 0x0000000080d00000, 0x0000000080d00000|
|  12|0x0000000080e00000, 0x0000000080e00000, 0x0000000080f00000|  0%| F|  |TS  0|AC  0|TAMS 0x0000000080e00000, 0x0000000080e00000|
|  13|0x0000000080f00000, 0x0000000080f00000, 0x0000000081000000|  0%| F|  |TS  0|AC  0|TAMS 0x0000000080f00000, 0x0000000080f00000|
|  14|0x0000000081000000, 0x0000000081000000, 0x0000000081100000|  0%| F|  |TS  0|AC  0|TAMS 0x0000000081000000, 0x0000000081000000|
|  15|0x0000000081100000, 0x0000000081100000, 0x0000000081200000|  0%| F|  |TS  0|AC  0|TAMS 0x0000000081100000, 0x0000000081100000|
|  16|0x0000000081200000, 0x0000000081200000, 0x0000000081300000|  0%| F|  |TS  0|AC  0|TAMS 0x0000000081200000, 0x0000000081200000|
|  17|0x0000000081300000, 0x0000000081300000, 0x0000000081400000|  0%| F|  |TS  0|AC  0|TAMS 0x0000000081300000, 0x0000000081300000|
|  18|0x0000000081400000, 0x0000000081400000, 0x0000000081500000|  0%| F|  |TS  0|AC  0|TAMS 0x0000000081400000, 0x0000000081400000|
|  19|0x0000000081500000, 0x0000000081500000, 0x0000000081600000|  0%| F|  |TS  0|AC  0|TAMS 0x0000000081500000, 0x0000000081500000|
|  20|0x0000000081600000, 0x0000000081600000, 0x0000000081700000|  0%| F|  |TS  0|AC  0|TAMS 0x0000000081600000, 0x0000000081600000|
|  21|0x0000000081700000, 0x0000000081700000, 0x0000000081800000|  0%| F|  |TS  0|AC  0|TAMS 0x0000000081700000, 0x0000000081700000|
|  22|0x0000000081800000, 0x0000000081800000, 0x0000000081900000|  0%| F|  |TS  0|AC  0|TAMS 0x0000000081800000, 0x0000000081800000|
|  23|0x0000000081900000, 0x0000000081900000, 0x0000000081a00000|  0%| F|  |TS  0|AC  0|TAMS 0x0000000081900000, 0x0000000081900000|
|  24|0x0000000081a00000, 0x0000000081a00000, 0x0000000081b00000|  0%| F|  |TS  0|AC  0|TAMS 0x0000000081a00000, 0x0000000081a00000|
|  25|0x0000000081b00000, 0x0000000081b00000, 0x0000000081c00000|  0%| F|  |TS  0|AC  0|TAMS 0x0000000081b00000, 0x0000000081b00000|
|  26|0x0000000081c00000, 0x0000000081c00000, 0x0000000081d00000|  0%| F|  |TS  0|AC  0|TAMS 0x0000000081c00000, 0x0000000081c00000|
|  27|0x0000000081d00000, 0x0000000081d00000, 0x0000000081e00000|  0%| F|  |TS  0|AC  0|TAMS 0x0000000081d00000, 0x0000000081d00000|
|  28|0x0000000081e00000, 0x0000000081e00000, 0x0000000081f00000|  0%| F|  |TS  0|AC  0|TAMS 0x0000000081e00000, 0x0000000081e00000|
|  29|0x0000000081f00000, 0x0000000081f00000, 0x0000000082000000|  0%| F|  |TS  0|AC  0|TAMS 0x0000000081f00000, 0x0000000081f00000|
|  30|0x0000000082000000, 0x0000000082000000, 0x0000000082100000|  0%| F|  |TS  0|AC  0|TAMS 0x0000000082000000, 0x0000000082000000|
|  31|0x0000000082100000, 0x0000000082100000, 0x0000000082200000|  0%| F|  |TS  0|AC  0|TAMS 0x0000000082100000, 0x0000000082100000|
|  32|0x0000000082200000, 0x0000000082200000, 0x0000000082300000|  0%| F|  |TS  0|AC  0|TAMS 0x0000000082200000, 0x0000000082200000|
|  33|0x0000000082300000, 0x0000000082300000, 0x0000000082400000|  0%| F|  |TS  0|AC  0|TAMS 0x0000000082300000, 0x0000000082300000|
|  34|0x0000000082400000, 0x0000000082400000, 0x0000000082500000|  0%| F|  |TS  0|AC  0|TAMS 0x0000000082400000, 0x0000000082400000|
|  35|0x0000000082500000, 0x0000000082500000, 0x0000000082600000|  0%| F|  |TS  0|AC  0|TAMS 0x0000000082500000, 0x0000000082500000|
|  36|0x0000000082600000, 0x0000000082600000, 0x0000000082700000|  0%| F|  |TS  0|AC  0|TAMS 0x0000000082600000, 0x0000000082600000|
|  37|0x0000000082700000, 0x0000000082700000, 0x0000000082800000|  0%| F|  |TS  0|AC  0|TAMS 0x0000000082700000, 0x0000000082700000|
|  38|0x0000000082800000, 0x0000000082800000, 0x0000000082900000|  0%| F|  |TS  0|AC  0|TAMS 0x0000000082800000, 0x0000000082800000|
|  39|0x0000000082900000, 0x0000000082900000, 0x0000000082a00000|  0%| F|  |TS  0|AC  0|TAMS 0x0000000082900000, 0x0000000082900000|
|  40|0x0000000082a00000, 0x0000000082a00000, 0x0000000082b00000|  0%| F|  |TS  0|AC  0|TAMS 0x0000000082a00000, 0x0000000082a00000|
|  41|0x0000000082b00000, 0x0000000082b00000, 0x0000000082c00000|  0%| F|  |TS  0|AC  0|TAMS 0x0000000082b00000, 0x0000000082b00000|
|  42|0x0000000082c00000, 0x0000000082c00000, 0x0000000082d00000|  0%| F|  |TS  0|AC  0|TAMS 0x0000000082c00000, 0x0000000082c00000|
|  43|0x0000000082d00000, 0x0000000082d00000, 0x0000000082e00000|  0%| F|  |TS  0|AC  0|TAMS 0x0000000082d00000, 0x0000000082d00000|
|  44|0x0000000082e00000, 0x0000000082e00000, 0x0000000082f00000|  0%| F|  |TS  0|AC  0|TAMS 0x0000000082e00000, 0x0000000082e00000|
|  45|0x0000000082f00000, 0x0000000082f00000, 0x0000000083000000|  0%| F|  |TS  0|AC  0|TAMS 0x0000000082f00000, 0x0000000082f00000|
|  46|0x0000000083000000, 0x0000000083000000, 0x0000000083100000|  0%| F|  |TS  0|AC  0|TAMS 0x0000000083000000, 0x0000000083000000|
|  47|0x0000000083100000, 0x0000000083100000, 0x0000000083200000|  0%| F|  |TS  0|AC  0|TAMS 0x0000000083100000, 0x0000000083100000|
|  48|0x0000000083200000, 0x0000000083200000, 0x0000000083300000|  0%| F|  |TS  0|AC  0|TAMS 0x0000000083200000, 0x0000000083200000|
|  49|0x0000000083300000, 0x0000000083300000, 0x0000000083400000|  0%| F|  |TS  0|AC  0|TAMS 0x0000000083300000, 0x0000000083300000|
|  50|0x0000000083400000, 0x0000000083400000, 0x0000000083500000|  0%| F|  |TS  0|AC  0|TAMS 0x0000000083400000, 0x0000000083400000|
|  51|0x0000000083500000, 0x0000000083500000, 0x0000000083600000|  0%| F|  |TS  0|AC  0|TAMS 0x0000000083500000, 0x0000000083500000|
|  52|0x0000000083600000, 0x0000000083600000, 0x0000000083700000|  0%| F|  |TS  0|AC  0|TAMS 0x0000000083600000, 0x0000000083600000|
|  53|0x0000000083700000, 0x0000000083700000, 0x0000000083800000|  0%| F|  |TS  0|AC  0|TAMS 0x0000000083700000, 0x0000000083700000|
|  54|0x0000000083800000, 0x0000000083800000, 0x0000000083900000|  0%| F|  |TS  0|AC  0|TAMS 0x0000000083800000, 0x0000000083800000|
|  55|0x0000000083900000, 0x0000000083900000, 0x0000000083a00000|  0%| F|  |TS  0|AC  0|TAMS 0x0000000083900000, 0x0000000083900000|
|  56|0x0000000083a00000, 0x0000000083a00000, 0x0000000083b00000|  0%| F|  |TS  0|AC  0|TAMS 0x0000000083a00000, 0x0000000083a00000|
|  57|0x0000000083b00000, 0x0000000083b00000, 0x0000000083c00000|  0%| F|  |TS  0|AC  0|TAMS 0x0000000083b00000, 0x0000000083b00000|
|  58|0x0000000083c00000, 0x0000000083c00000, 0x0000000083d00000|  0%| F|  |TS  0|AC  0|TAMS 0x0000000083c00000, 0x0000000083c00000|
|  59|0x0000000083d00000, 0x0000000083d00000, 0x0000000083e00000|  0%| F|  |TS  0|AC  0|TAMS 0x0000000083d00000, 0x0000000083d00000|
|  60|0x0000000083e00000, 0x0000000083e00000, 0x0000000083f00000|  0%| F|  |TS  0|AC  0|TAMS 0x0000000083e00000, 0x0000000083e00000|
|  61|0x0000000083f00000, 0x0000000083f00000, 0x0000000084000000|  0%| F|  |TS  0|AC  0|TAMS 0x0000000083f00000, 0x0000000083f00000|
|  62|0x0000000084000000, 0x0000000084000000, 0x0000000084100000|  0%| F|  |TS  0|AC  0|TAMS 0x0000000084000000, 0x0000000084000000|
|  63|0x0000000084100000, 0x0000000084100000, 0x0000000084200000|  0%| F|  |TS  0|AC  0|TAMS 0x0000000084100000, 0x0000000084100000|
|  64|0x0000000084200000, 0x0000000084200000, 0x0000000084300000|  0%| F|  |TS  0|AC  0|TAMS 0x0000000084200000, 0x0000000084200000|
|  65|0x0000000084300000, 0x0000000084300000, 0x0000000084400000|  0%| F|  |TS  0|AC  0|TAMS 0x0000000084300000, 0x0000000084300000|
|  66|0x0000000084400000, 0x0000000084400000, 0x0000000084500000|  0%| F|  |TS  0|AC  0|TAMS 0x0000000084400000, 0x0000000084400000|
|  67|0x0000000084500000, 0x0000000084500000, 0x0000000084600000|  0%| F|  |TS  0|AC  0|TAMS 0x0000000084500000, 0x0000000084500000|
|  68|0x0000000084600000, 0x0000000084600000, 0x0000000084700000|  0%| F|  |TS  0|AC  0|TAMS 0x0000000084600000, 0x0000000084600000|
|  69|0x0000000084700000, 0x0000000084700000, 0x0000000084800000|  0%| F|  |TS  0|AC  0|TAMS 0x0000000084700000, 0x0000000084700000|
|  70|0x0000000084800000, 0x0000000084800000, 0x0000000084900000|  0%| F|  |TS  0|AC  0|TAMS 0x0000000084800000, 0x0000000084800000|
|  71|0x0000000084900000, 0x0000000084900000, 0x0000000084a00000|  0%| F|  |TS  0|AC  0|TAMS 0x0000000084900000, 0x0000000084900000|
|  72|0x0000000084a00000, 0x0000000084a00000, 0x0000000084b00000|  0%| F|  |TS  0|AC  0|TAMS 0x0000000084a00000, 0x0000000084a00000|
|  73|0x0000000084b00000, 0x0000000084b00000, 0x0000000084c00000|  0%| F|  |TS  0|AC  0|TAMS 0x0000000084b00000, 0x0000000084b00000|
|  74|0x0000000084c00000, 0x0000000084c00000, 0x0000000084d00000|  0%| F|  |TS  0|AC  0|TAMS 0x0000000084c00000, 0x0000000084c00000|
|  75|0x0000000084d00000, 0x0000000084d00000, 0x0000000084e00000|  0%| F|  |TS  0|AC  0|TAMS 0x0000000084d00000, 0x0000000084d00000|
|  76|0x0000000084e00000, 0x0000000084e00000, 0x0000000084f00000|  0%| F|  |TS  0|AC  0|TAMS 0x0000000084e00000, 0x0000000084e00000|
|  77|0x0000000084f00000, 0x0000000084f00000, 0x0000000085000000|  0%| F|  |TS  0|AC  0|TAMS 0x0000000084f00000, 0x0000000084f00000|
|  78|0x0000000085000000, 0x0000000085000000, 0x0000000085100000|  0%| F|  |TS  0|AC  0|TAMS 0x0000000085000000, 0x0000000085000000|
|  79|0x0000000085100000, 0x0000000085100000, 0x0000000085200000|  0%| F|  |TS  0|AC  0|TAMS 0x0000000085100000, 0x0000000085100000|
|  80|0x0000000085200000, 0x0000000085200000, 0x0000000085300000|  0%| F|  |TS  0|AC  0|TAMS 0x0000000085200000, 0x0000000085200000|
|  81|0x0000000085300000, 0x0000000085300000, 0x0000000085400000|  0%| F|  |TS  0|AC  0|TAMS 0x0000000085300000, 0x0000000085300000|
|  82|0x0000000085400000, 0x0000000085400000, 0x0000000085500000|  0%| F|  |TS  0|AC  0|TAMS 0x0000000085400000, 0x0000000085400000|
|  83|0x0000000085500000, 0x0000000085500000, 0x0000000085600000|  0%| F|  |TS  0|AC  0|TAMS 0x0000000085500000, 0x0000000085500000|
|  84|0x0000000085600000, 0x0000000085600000, 0x0000000085700000|  0%| F|  |TS  0|AC  0|TAMS 0x0000000085600000, 0x0000000085600000|
|  85|0x0000000085700000, 0x0000000085700000, 0x0000000085800000|  0%| F|  |TS  0|AC  0|TAMS 0x0000000085700000, 0x0000000085700000|
|  86|0x0000000085800000, 0x0000000085800000, 0x0000000085900000|  0%| F|  |TS  0|AC  0|TAMS 0x0000000085800000, 0x0000000085800000|
|  87|0x0000000085900000, 0x0000000085900000, 0x0000000085a00000|  0%| F|  |TS  0|AC  0|TAMS 0x0000000085900000, 0x0000000085900000|
|  88|0x0000000085a00000, 0x0000000085a00000, 0x0000000085b00000|  0%| F|  |TS  0|AC  0|TAMS 0x0000000085a00000, 0x0000000085a00000|
|  89|0x0000000085b00000, 0x0000000085b00000, 0x0000000085c00000|  0%| F|  |TS  0|AC  0|TAMS 0x0000000085b00000, 0x0000000085b00000|
|  90|0x0000000085c00000, 0x0000000085c00000, 0x0000000085d00000|  0%| F|  |TS  0|AC  0|TAMS 0x0000000085c00000, 0x0000000085c00000|
|  91|0x0000000085d00000, 0x0000000085d00000, 0x0000000085e00000|  0%| F|  |TS  0|AC  0|TAMS 0x0000000085d00000, 0x0000000085d00000|
|  92|0x0000000085e00000, 0x0000000085e00000, 0x0000000085f00000|  0%| F|  |TS  0|AC  0|TAMS 0x0000000085e00000, 0x0000000085e00000|
|  93|0x0000000085f00000, 0x0000000085f00000, 0x0000000086000000|  0%| F|  |TS  0|AC  0|TAMS 0x0000000085f00000, 0x0000000085f00000|
|  94|0x0000000086000000, 0x0000000086000000, 0x0000000086100000|  0%| F|  |TS  0|AC  0|TAMS 0x0000000086000000, 0x0000000086000000|
|  95|0x0000000086100000, 0x0000000086100000, 0x0000000086200000|  0%| F|  |TS  0|AC  0|TAMS 0x0000000086100000, 0x0000000086100000|
|  96|0x0000000086200000, 0x0000000086200000, 0x0000000086300000|  0%| F|  |TS  0|AC  0|TAMS 0x0000000086200000, 0x0000000086200000|
|  97|0x0000000086300000, 0x0000000086300000, 0x0000000086400000|  0%| F|  |TS  0|AC  0|TAMS 0x0000000086300000, 0x0000000086300000|
|  98|0x0000000086400000, 0x0000000086400000, 0x0000000086500000|  0%| F|  |TS  0|AC  0|TAMS 0x0000000086400000, 0x0000000086400000|
|  99|0x0000000086500000, 0x0000000086500000, 0x0000000086600000|  0%| F|  |TS  0|AC  0|TAMS 0x0000000086500000, 0x0000000086500000|
| 100|0x0000000086600000, 0x0000000086600000, 0x0000000086700000|  0%| F|  |TS  0|AC  0|TAMS 0x0000000086600000, 0x0000000086600000|
| 101|0x0000000086700000, 0x0000000086700000, 0x0000000086800000|  0%| F|  |TS  0|AC  0|TAMS 0x0000000086700000, 0x0000000086700000|
| 102|0x0000000086800000, 0x0000000086800000, 0x0000000086900000|  0%| F|  |TS  0|AC  0|TAMS 0x0000000086800000, 0x0000000086800000|
| 103|0x0000000086900000, 0x0000000086900000, 0x0000000086a00000|  0%| F|  |TS  0|AC  0|TAMS 0x0000000086900000, 0x0000000086900000|
| 104|0x0000000086a00000, 0x0000000086a00000, 0x0000000086b00000|  0%| F|  |TS  0|AC  0|TAMS 0x0000000086a00000, 0x0000000086a00000|
| 105|0x0000000086b00000, 0x0000000086b00000, 0x0000000086c00000|  0%| F|  |TS  0|AC  0|TAMS 0x0000000086b00000, 0x0000000086b00000|
| 106|0x0000000086c00000, 0x0000000086c00000, 0x0000000086d00000|  0%| F|  |TS  0|AC  0|TAMS 0x0000000086c00000, 0x0000000086c00000|
| 107|0x0000000086d00000, 0x0000000086d00000, 0x0000000086e00000|  0%| F|  |TS  0|AC  0|TAMS 0x0000000086d00000, 0x0000000086d00000|
| 108|0x0000000086e00000, 0x0000000086e00000, 0x0000000086f00000|  0%| F|  |TS  0|AC  0|TAMS 0x0000000086e00000, 0x0000000086e00000|
| 109|0x0000000086f00000, 0x0000000086f00000, 0x0000000087000000|  0%| F|  |TS  0|AC  0|TAMS 0x0000000086f00000, 0x0000000086f00000|
| 110|0x0000000087000000, 0x0000000087000000, 0x0000000087100000|  0%| F|  |TS  0|AC  0|TAMS 0x0000000087000000, 0x0000000087000000|
| 111|0x0000000087100000, 0x0000000087100000, 0x0000000087200000|  0%| F|  |TS  0|AC  0|TAMS 0x0000000087100000, 0x0000000087100000|
| 112|0x0000000087200000, 0x0000000087200000, 0x0000000087300000|  0%| F|  |TS  0|AC  0|TAMS 0x0000000087200000, 0x0000000087200000|
| 113|0x0000000087300000, 0x0000000087300000, 0x0000000087400000|  0%| F|  |TS  0|AC  0|TAMS 0x0000000087300000, 0x0000000087300000|
| 114|0x0000000087400000, 0x0000000087400000, 0x0000000087500000|  0%| F|  |TS  0|AC  0|TAMS 0x0000000087400000, 0x0000000087400000|
| 115|0x0000000087500000, 0x0000000087500000, 0x0000000087600000|  0%| F|  |TS  0|AC  0|TAMS 0x0000000087500000, 0x0000000087500000|
| 116|0x0000000087600000, 0x0000000087600000, 0x0000000087700000|  0%| F|  |TS  0|AC  0|TAMS 0x0000000087600000, 0x0000000087600000|
| 117|0x0000000087700000, 0x0000000087700000, 0x0000000087800000|  0%| F|  |TS  0|AC  0|TAMS 0x0000000087700000, 0x0000000087700000|
| 118|0x0000000087800000, 0x0000000087800000, 0x0000000087900000|  0%| F|  |TS  0|AC  0|TAMS 0x0000000087800000, 0x0000000087800000|
| 119|0x0000000087900000, 0x0000000087900000, 0x0000000087a00000|  0%| F|  |TS  0|AC  0|TAMS 0x0000000087900000, 0x0000000087900000|
| 120|0x0000000087a00000, 0x0000000087a00000, 0x0000000087b00000|  0%| F|  |TS  0|AC  0|TAMS 0x0000000087a00000, 0x0000000087a00000|
| 121|0x0000000087b00000, 0x0000000087b00000, 0x0000000087c00000|  0%| F|  |TS  0|AC  0|TAMS 0x0000000087b00000, 0x0000000087b00000|
| 122|0x0000000087c00000, 0x0000000087c00000, 0x0000000087d00000|  0%| F|  |TS  0|AC  0|TAMS 0x0000000087c00000, 0x0000000087c00000|
| 123|0x0000000087d00000, 0x0000000087d00000, 0x0000000087e00000|  0%| F|  |TS  0|AC  0|TAMS 0x0000000087d00000, 0x0000000087d00000|
| 124|0x0000000087e00000, 0x0000000087e83018, 0x0000000087f00000| 51%| E|  |TS  0|AC  0|TAMS 0x0000000087e00000, 0x0000000087e00000|
| 125|0x0000000087f00000, 0x0000000088000000, 0x0000000088000000|100%| E|CS|TS  0|AC  0|TAMS 0x0000000087f00000, 0x0000000087f00000|
| 126|0x0000000088000000, 0x0000000088100000, 0x0000000088100000|100%| E|CS|TS  0|AC  0|TAMS 0x0000000088000000, 0x0000000088000000|
| 127|0x0000000088100000, 0x0000000088200000, 0x0000000088200000|100%| E|CS|TS  0|AC  0|TAMS 0x0000000088100000, 0x0000000088100000|

Card table byte_map: [0x000000001e280000,0x000000001e680000] byte_map_base: 0x000000001de7f000

Marking Bits (Prev, Next): (CMBitMap*) 0x000000001d2b4880, (CMBitMap*) 0x000000001d2b48b8
 Prev Bits: [0x000000001ea80000, 0x0000000020a78000)
 Next Bits: [0x0000000020a80000, 0x0000000022a78000)

Polling page: 0x0000000000200000

CodeHeap 'non-profiled nmethods': size=120000Kb used=76Kb max_used=76Kb free=119923Kb
 bounds [0x00000000158c0000, 0x0000000015b30000, 0x000000001cdf0000]
CodeHeap 'profiled nmethods': size=120000Kb used=261Kb max_used=261Kb free=119738Kb
 bounds [0x000000000e390000, 0x000000000e600000, 0x00000000158c0000]
CodeHeap 'non-nmethods': size=5760Kb used=1073Kb max_used=1085Kb free=4686Kb
 bounds [0x000000000ddf0000, 0x000000000e060000, 0x000000000e390000]
 total_blobs=581 nmethods=205 adapters=211
 compilation: enabled

Compilation events (10 events):
Event: 0.650 Thread 0x0000000026fef800 nmethod 201 0x000000000e3d0210 code [0x000000000e3d03c0, 0x000000000e3d0568]
Event: 0.650 Thread 0x0000000026fef800  202       3       java.lang.AbstractStringBuilder::append (45 bytes)
Event: 0.650 Thread 0x0000000026fef800 nmethod 202 0x000000000e3d0610 code [0x000000000e3d0840, 0x000000000e3d0db8]
Event: 0.650 Thread 0x0000000026fee000  203       4       java.lang.String::coder (15 bytes)
Event: 0.651 Thread 0x0000000026fee000 nmethod 203 0x00000000158d2590 code [0x00000000158d2720, 0x00000000158d2778]
Event: 0.651 Thread 0x0000000026fef000 nmethod 198 0x00000000158d2810 code [0x00000000158d29c0, 0x00000000158d2b28]
Event: 0.660 Thread 0x0000000026fed000  204       4       java.lang.StringLatin1::indexOf (61 bytes)
Event: 0.662 Thread 0x0000000026fef800  205       3       sun.nio.fs.WindowsPathParser::isInvalidPathChar (22 bytes)
Event: 0.662 Thread 0x0000000026fef800 nmethod 205 0x000000000e3d1010 code [0x000000000e3d1200, 0x000000000e3d15a8]
Event: 0.665 Thread 0x0000000026fed000 nmethod 204 0x00000000158d2c90 code [0x00000000158d2e20, 0x00000000158d2fd8]

GC Heap History (0 events):
No events

Deoptimization events (2 events):
Event: 0.161 Thread 0x0000000000473800 Uncommon trap: reason=unstable_if action=reinterpret pc=0x00000000158c8580 method=java.util.AbstractCollection.isEmpty()Z @ 4 c2
Event: 0.558 Thread 0x0000000000473800 Uncommon trap: reason=unstable_if action=reinterpret pc=0x00000000158c2724 method=java.lang.String.hashCode()I @ 14 c2

Classes redefined (10 events):
Event: 2013.684 Thread 0x0000000026fc8000 redefined class name=MinStack_2, count=3
Event: 2133.733 Thread 0x0000000026fc8000 redefined class name=MinStack_2, count=4
Event: 2168.581 Thread 0x0000000026fc8000 redefined class name=MinStack_2, count=5
Event: 2282.172 Thread 0x0000000026fc8000 redefined class name=MinStack_2, count=6
Event: 2304.098 Thread 0x0000000026fc8000 redefined class name=MinStack_2, count=7
Event: 2349.869 Thread 0x0000000026fc8000 redefined class name=MinStack_2, count=8
Event: 2424.293 Thread 0x0000000026fc8000 redefined class name=MinStack_2, count=9
Event: 2607.367 Thread 0x0000000026fc8000 redefined class name=MinStack_2, count=10
Event: 2649.680 Thread 0x0000000026fc8000 redefined class name=MinStack_2, count=11
Event: 2789.445 Thread 0x0000000026fc8000 redefined class name=MinStack_2, count=12

Internal exceptions (0 events):
No events

Events (10 events):
Event: 3350.118 Executing VM operation: GetFrameCount done
Event: 3350.118 Executing VM operation: GetFrameLocation
Event: 3350.118 Executing VM operation: GetFrameLocation done
Event: 3350.125 Executing VM operation: ChangeBreakpoints
Event: 3350.125 Executing VM operation: ChangeBreakpoints done
Event: 3350.126 Executing VM operation: ChangeBreakpoints
Event: 3350.126 Executing VM operation: ChangeBreakpoints done
Event: 3350.131 Executing VM operation: ChangeBreakpoints
Event: 3350.131 Executing VM operation: ChangeBreakpoints done
Event: 3350.141 Executing VM operation: GetOrSetLocal


Dynamic libraries:
0x000000013f9c0000 - 0x000000013f9fe000 	C:\jdk10\bin\java.exe
0x0000000077ab0000 - 0x0000000077c4f000 	C:\Windows\SYSTEM32\ntdll.dll
0x0000000077990000 - 0x0000000077aaf000 	C:\Windows\system32\kernel32.dll
0x000007fefd630000 - 0x000007fefd69a000 	C:\Windows\system32\KERNELBASE.dll
0x000007fefe650000 - 0x000007fefe72b000 	C:\Windows\system32\ADVAPI32.dll
0x000007fefe410000 - 0x000007fefe4af000 	C:\Windows\system32\msvcrt.dll
0x000007feff880000 - 0x000007feff89f000 	C:\Windows\SYSTEM32\sechost.dll
0x000007feff8a0000 - 0x000007feff9cd000 	C:\Windows\system32\RPCRT4.dll
0x0000000077890000 - 0x000000007798a000 	C:\Windows\system32\USER32.dll
0x000007fefe7d0000 - 0x000007fefe837000 	C:\Windows\system32\GDI32.dll
0x000007fefe4b0000 - 0x000007fefe4be000 	C:\Windows\system32\LPK.dll
0x000007fefe890000 - 0x000007fefe95b000 	C:\Windows\system32\USP10.dll
0x000007fefba10000 - 0x000007fefbc04000 	C:\Windows\WinSxS\amd64_microsoft.windows.common-controls_6595b64144ccf1df_6.0.7601.18837_none_fa3b1e3d17594757\COMCTL32.dll
0x000007fefe960000 - 0x000007fefe9d1000 	C:\Windows\system32\SHLWAPI.dll
0x000007fefc610000 - 0x000007fefc61c000 	C:\Windows\system32\VERSION.dll
0x000007fefe5a0000 - 0x000007fefe5ce000 	C:\Windows\system32\IMM32.DLL
0x000007fefe9e0000 - 0x000007fefeae9000 	C:\Windows\system32\MSCTF.dll
0x000007fed5930000 - 0x000007fed5a1f000 	C:\jdk10\bin\msvcr120.dll
0x000007fed5880000 - 0x000007fed5926000 	C:\jdk10\bin\msvcp120.dll
0x00000000565c0000 - 0x0000000057030000 	C:\jdk10\bin\server\jvm.dll
0x000007fee4ae0000 - 0x000007fee4ae9000 	C:\Windows\system32\WSOCK32.dll
0x000007fefe840000 - 0x000007fefe88d000 	C:\Windows\system32\WS2_32.dll
0x000007fefd9c0000 - 0x000007fefd9c8000 	C:\Windows\system32\NSI.dll
0x000007fef9c50000 - 0x000007fef9c8b000 	C:\Windows\system32\WINMM.dll
0x0000000077c50000 - 0x0000000077c57000 	C:\Windows\system32\PSAPI.DLL
0x000007fee4ed0000 - 0x000007fee4edf000 	C:\jdk10\bin\verify.dll
0x000007fef5c30000 - 0x000007fef5d55000 	C:\Windows\system32\DBGHELP.DLL
0x000007fee1750000 - 0x000007fee1777000 	C:\jdk10\bin\java.dll
0x000007fed6140000 - 0x000007fed6176000 	C:\jdk10\bin\jdwp.dll
0x000007fed6730000 - 0x000007fed675a000 	C:\jdk10\bin\instrument.dll
0x000007fee1790000 - 0x000007fee17a6000 	C:\jdk10\bin\zip.dll
0x000007fee4eb0000 - 0x000007fee4eba000 	C:\jdk10\bin\jimage.dll
0x000007fefeaf0000 - 0x000007feff87a000 	C:\Windows\system32\SHELL32.dll
0x000007fefd9d0000 - 0x000007fefdbcf000 	C:\Windows\system32\ole32.dll
0x000007fefd600000 - 0x000007fefd60f000 	C:\Windows\system32\profapi.dll
0x000007fee4e80000 - 0x000007fee4e8a000 	C:\jdk10\bin\dt_socket.dll
0x000007fefcdd0000 - 0x000007fefce25000 	C:\Windows\system32\mswsock.dll
0x000007fefc550000 - 0x000007fefc557000 	C:\Windows\System32\wshtcpip.dll
0x000007fed6120000 - 0x000007fed613a000 	C:\jdk10\bin\net.dll
0x000007fef6380000 - 0x000007fef63f1000 	C:\Windows\system32\WINHTTP.dll
0x000007fef62b0000 - 0x000007fef6315000 	C:\Windows\system32\webio.dll
0x000007fefcdc0000 - 0x000007fefcdc7000 	C:\Windows\System32\wship6.dll
0x000007fee1730000 - 0x000007fee1741000 	C:\jdk10\bin\nio.dll

dbghelp: loaded successfully - version: 4.0.5 - missing functions: none
symbol engine: initialized successfully - sym options: 0x614 - pdb path: .;C:\jdk10\bin;C:\Windows\SYSTEM32;C:\Windows\WinSxS\amd64_microsoft.windows.common-controls_6595b64144ccf1df_6.0.7601.18837_none_fa3b1e3d17594757;C:\jdk10\bin\server

VM Arguments:
jvm_args: -agentlib:jdwp=transport=dt_socket,address=127.0.0.1:50332,suspend=y,server=n -javaagent:C:\Users\Avaron\.IdeaIC2018.2\system\captureAgent\debugger-agent.jar=file:/C:/Users/Avaron/AppData/Local/Temp/capture.props -Dfile.encoding=UTF-8 
java_command: MinStack_2
java_class_path (initial): C:\Users\Avaron\Desktop\Leetcode155_ Min_ Stack\out\production\Leetcode155_ Min_ Stack;C:\Program Files\JetBrains\IntelliJ IDEA Community Edition 2018.2.3\lib\idea_rt.jar
Launcher Type: SUN_STANDARD

Logging:
Log output configuration:
#0: stdout all=warning uptime,level,tags
#1: stderr all=off uptime,level,tags

Environment Variables:
JAVA_HOME=C:\jdk10
CLASSPATH=.
PATH=C:\ProgramData\Oracle\Java\javapath;C:\Program Files (x86)\Common Files\Oracle\Java\javapath;C:\jdk10\bin\;C:\Users\Avaron\Desktop\gradle-5.0\bin;C:\Program Files\Git\cmd;C:\Program Files\TortoiseGit\bin;C:\Users\Avaron\AppData\Local\GitHubDesktop\bin
USERNAME=Avaron
OS=Windows_NT
PROCESSOR_IDENTIFIER=Intel64 Family 6 Model 44 Stepping 2, GenuineIntel



---------------  S Y S T E M  ---------------

OS: Windows 7 , 64 bit Build 7601 (6.1.7601.24308)

CPU:total 8 (initial active 8) (4 cores per cpu, 2 threads per core) family 6 model 44 stepping 2, cmov, cx8, fxsr, mmx, sse, sse2, sse3, ssse3, sse4.1, sse4.2, popcnt, aes, clmul, ht, tsc, tscinvbit, tscinv

Memory: 4k page, physical 8379636k(2892108k free), swap 16757372k(9919800k free)

vm_info: Java HotSpot(TM) 64-Bit Server VM (10.0.1+10) for windows-amd64 JRE (10.0.1+10), built on Mar 27 2018 02:27:48 by "mach5one" with MS VC++ 12.0 (VS2013)

END.
